2025-01-05 07:53:06 [INFO] Starting Repository Crawler
2025-01-05 07:53:07 [INFO] Loading initial configuration
2025-01-05 07:53:07 [INFO] Configuration loaded successfully
2025-01-05 07:53:16 [INFO] Starting Repository Crawler
2025-01-05 07:53:16 [INFO] Configuration saved successfully
2025-01-05 07:53:16 [INFO] Analyzing repository: C:\Github\Repo_Crawler
2025-01-05 07:53:16 [INFO] Initializing crawler for: C:\Github\Repo_Crawler
2025-01-05 07:53:16 [INFO] Ignoring 30 directories and 52 file patterns
2025-01-05 07:53:16 [INFO] Generating file tree structure
2025-01-05 07:53:16 [INFO] File tree generated successfully
2025-01-05 07:53:23 [INFO] Starting Repository Crawler
2025-01-05 07:53:23 [INFO] Configuration saved successfully
2025-01-05 07:53:23 [INFO] Analyzing repository: C:\Github\Repo_Crawler
2025-01-05 07:53:23 [INFO] Initializing crawler for: C:\Github\Repo_Crawler
2025-01-05 07:53:23 [INFO] Ignoring 30 directories and 53 file patterns
2025-01-05 07:53:23 [INFO] Generating file tree structure
2025-01-05 07:53:23 [INFO] File tree generated successfully
2025-01-05 07:53:25 [INFO] Starting Repository Crawler
2025-01-05 07:53:25 [INFO] Initializing crawler for: C:\Github\Repo_Crawler
2025-01-05 07:53:25 [INFO] Ignoring 30 directories and 53 file patterns
2025-01-05 07:53:25 [INFO] Walking repository for file information
2025-01-05 07:53:25 [INFO] Found 19 files in repository
2025-01-05 07:53:25 [INFO] Analyzing repository: C:\Github\Repo_Crawler
2025-01-05 07:53:25 [INFO] Initializing crawler for: C:\Github\Repo_Crawler
2025-01-05 07:53:25 [INFO] Ignoring 30 directories and 53 file patterns
2025-01-05 07:53:25 [INFO] Generating file tree structure
2025-01-05 07:53:25 [INFO] File tree generated successfully
2025-01-05 07:53:40 [INFO] Starting Repository Crawler
2025-01-05 07:53:40 [INFO] Configuration saved successfully
2025-01-05 07:53:40 [INFO] Analyzing repository: C:\Github\Repo_Crawler
2025-01-05 07:53:40 [INFO] Initializing crawler for: C:\Github\Repo_Crawler
2025-01-05 07:53:40 [INFO] Ignoring 30 directories and 54 file patterns
2025-01-05 07:53:40 [INFO] Generating file tree structure
2025-01-05 07:53:40 [INFO] File tree generated successfully
2025-01-05 07:53:42 [INFO] Starting Repository Crawler
2025-01-05 07:53:42 [INFO] Initializing crawler for: C:\Github\Repo_Crawler
2025-01-05 07:53:42 [INFO] Ignoring 30 directories and 54 file patterns
2025-01-05 07:53:42 [INFO] Walking repository for file information
2025-01-05 07:53:42 [INFO] Found 18 files in repository
2025-01-05 07:53:42 [INFO] Analyzing repository: C:\Github\Repo_Crawler
2025-01-05 07:53:42 [INFO] Initializing crawler for: C:\Github\Repo_Crawler
2025-01-05 07:53:42 [INFO] Ignoring 30 directories and 54 file patterns
2025-01-05 07:53:42 [INFO] Generating file tree structure
2025-01-05 07:53:42 [INFO] File tree generated successfully
2025-01-05 07:53:52 [INFO] Starting Repository Crawler
2025-01-05 07:53:52 [INFO] Configuration saved successfully
2025-01-05 07:53:52 [INFO] Analyzing repository: C:\Github\Repo_Crawler
2025-01-05 07:53:52 [INFO] Initializing crawler for: C:\Github\Repo_Crawler
2025-01-05 07:53:52 [INFO] Ignoring 30 directories and 53 file patterns
2025-01-05 07:53:52 [INFO] Generating file tree structure
2025-01-05 07:53:52 [INFO] File tree generated successfully
2025-01-05 07:53:53 [INFO] Starting Repository Crawler
2025-01-05 07:53:53 [INFO] Initializing crawler for: C:\Github\Repo_Crawler
2025-01-05 07:53:53 [INFO] Ignoring 30 directories and 53 file patterns
2025-01-05 07:53:53 [INFO] Walking repository for file information
2025-01-05 07:53:53 [INFO] Found 19 files in repository
2025-01-05 07:53:53 [INFO] Analyzing repository: C:\Github\Repo_Crawler
2025-01-05 07:53:53 [INFO] Initializing crawler for: C:\Github\Repo_Crawler
2025-01-05 07:53:53 [INFO] Ignoring 30 directories and 53 file patterns
2025-01-05 07:53:53 [INFO] Generating file tree structure
2025-01-05 07:53:53 [INFO] File tree generated successfully
2025-01-05 07:55:22 [INFO] Starting Repository Crawler
2025-01-05 07:55:22 [INFO] Analyzing repository: C:\Github\Repo_Crawler
2025-01-05 07:55:22 [INFO] Initializing crawler for: C:\Github\Repo_Crawler
2025-01-05 07:55:22 [INFO] Ignoring 30 directories and 53 file patterns
2025-01-05 07:55:22 [INFO] Generating file tree structure
2025-01-05 07:55:22 [INFO] File tree generated successfully
2025-01-05 07:55:24 [INFO] Starting Repository Crawler
2025-01-05 07:55:24 [INFO] Analyzing repository: C:\Github\Repo_Crawler
2025-01-05 07:55:24 [INFO] Initializing crawler for: C:\Github\Repo_Crawler
2025-01-05 07:55:24 [INFO] Ignoring 30 directories and 53 file patterns
2025-01-05 07:55:24 [INFO] Generating file tree structure
2025-01-05 07:55:24 [INFO] File tree generated successfully
2025-01-05 07:55:25 [INFO] Starting Repository Crawler
2025-01-05 07:55:25 [INFO] Analyzing repository: C:\Github\Repo_Crawler
2025-01-05 07:55:25 [INFO] Initializing crawler for: C:\Github\Repo_Crawler
2025-01-05 07:55:25 [INFO] Ignoring 30 directories and 53 file patterns
2025-01-05 07:55:25 [INFO] Generating file tree structure
2025-01-05 07:55:25 [INFO] File tree generated successfully
2025-01-05 07:56:01 [INFO] Starting Repository Crawler
2025-01-05 07:56:01 [INFO] Analyzing repository: C:\Github\Repo_Crawler
2025-01-05 07:56:01 [INFO] Initializing crawler for: C:\Github\Repo_Crawler
2025-01-05 07:56:01 [INFO] Ignoring 30 directories and 53 file patterns
2025-01-05 07:56:01 [INFO] Generating file tree structure
2025-01-05 07:56:01 [INFO] File tree generated successfully
2025-01-05 07:56:02 [INFO] Starting Repository Crawler
2025-01-05 07:56:02 [INFO] Analyzing repository: C:\Github\Repo_Crawler
2025-01-05 07:56:02 [INFO] Initializing crawler for: C:\Github\Repo_Crawler
2025-01-05 07:56:02 [INFO] Ignoring 30 directories and 53 file patterns
2025-01-05 07:56:02 [INFO] Generating file tree structure
2025-01-05 07:56:02 [INFO] File tree generated successfully
2025-01-05 07:58:27 [INFO] Starting Repository Crawler
2025-01-05 07:58:27 [INFO] Analyzing repository: C:\Github\Repo_Crawler
2025-01-05 07:58:27 [INFO] Initializing crawler for: C:\Github\Repo_Crawler
2025-01-05 07:58:27 [INFO] Ignoring 30 directories and 53 file patterns
2025-01-05 07:58:27 [INFO] Generating file tree structure
2025-01-05 07:58:27 [INFO] File tree generated successfully
2025-01-05 07:59:39 [INFO] Starting Repository Crawler
2025-01-05 07:59:39 [INFO] Analyzing repository: C:\Github\Repo_Crawler
2025-01-05 07:59:39 [INFO] Initializing crawler for: C:\Github\Repo_Crawler
2025-01-05 07:59:39 [INFO] Ignoring 30 directories and 53 file patterns
2025-01-05 07:59:39 [INFO] Generating file tree structure
2025-01-05 07:59:39 [INFO] File tree generated successfully
2025-01-05 07:59:49 [INFO] Starting Repository Crawler
2025-01-05 07:59:49 [INFO] Loading initial configuration
2025-01-05 07:59:49 [INFO] Configuration loaded successfully
2025-01-05 07:59:49 [INFO] Analyzing repository: C:\Github\Repo_Crawler
2025-01-05 07:59:49 [INFO] Initializing crawler for: C:\Github\Repo_Crawler
2025-01-05 07:59:49 [INFO] Ignoring 30 directories and 53 file patterns
2025-01-05 07:59:49 [INFO] Generating file tree structure
2025-01-05 07:59:49 [INFO] File tree generated successfully
2025-01-05 08:00:24 [INFO] Starting Repository Crawler
2025-01-05 08:00:24 [INFO] Analyzing repository: C:\Github\Repo_Crawler
2025-01-05 08:00:24 [INFO] Initializing crawler for: C:\Github\Repo_Crawler
2025-01-05 08:00:24 [INFO] Ignoring 30 directories and 53 file patterns
2025-01-05 08:00:24 [INFO] Generating file tree structure
2025-01-05 08:00:24 [INFO] File tree generated successfully
2025-01-05 08:01:28 [INFO] Starting Repository Crawler
2025-01-05 08:01:28 [INFO] Analyzing repository: C:\Github\Repo_Crawler
2025-01-05 08:01:28 [INFO] Initializing crawler for: C:\Github\Repo_Crawler
2025-01-05 08:01:28 [INFO] Ignoring 30 directories and 53 file patterns
2025-01-05 08:01:28 [INFO] Generating file tree structure
2025-01-05 08:01:28 [INFO] File tree generated successfully
2025-01-05 08:01:31 [INFO] Starting Repository Crawler
2025-01-05 08:01:31 [INFO] Analyzing repository: C:\Github\Repo_Crawler
2025-01-05 08:01:31 [INFO] Initializing crawler for: C:\Github\Repo_Crawler
2025-01-05 08:01:31 [INFO] Ignoring 30 directories and 53 file patterns
2025-01-05 08:01:31 [INFO] Generating file tree structure
2025-01-05 08:01:31 [INFO] File tree generated successfully
2025-01-05 08:01:33 [INFO] Starting Repository Crawler
2025-01-05 08:01:33 [INFO] Analyzing repository: C:\Github\Repo_Crawler
2025-01-05 08:01:33 [INFO] Initializing crawler for: C:\Github\Repo_Crawler
2025-01-05 08:01:33 [INFO] Ignoring 30 directories and 53 file patterns
2025-01-05 08:01:33 [INFO] Generating file tree structure
2025-01-05 08:01:33 [INFO] File tree generated successfully
2025-01-05 08:01:41 [INFO] Starting Repository Crawler
2025-01-05 08:01:41 [INFO] Analyzing repository: C:\Github\Repo_Crawler
2025-01-05 08:01:41 [INFO] Initializing crawler for: C:\Github\Repo_Crawler
2025-01-05 08:01:41 [INFO] Ignoring 30 directories and 53 file patterns
2025-01-05 08:01:41 [INFO] Generating file tree structure
2025-01-05 08:01:41 [INFO] File tree generated successfully
2025-01-05 08:01:43 [INFO] Starting Repository Crawler
2025-01-05 08:01:43 [INFO] Analyzing repository: C:\Github\Repo_Crawler
2025-01-05 08:01:43 [INFO] Initializing crawler for: C:\Github\Repo_Crawler
2025-01-05 08:01:43 [INFO] Ignoring 30 directories and 53 file patterns
2025-01-05 08:01:43 [INFO] Generating file tree structure
2025-01-05 08:01:43 [INFO] File tree generated successfully
2025-01-05 08:01:53 [INFO] Starting Repository Crawler
2025-01-05 08:01:53 [INFO] Analyzing repository: C:\Github\Repo_Crawler
2025-01-05 08:01:53 [INFO] Initializing crawler for: C:\Github\Repo_Crawler
2025-01-05 08:01:53 [INFO] Ignoring 30 directories and 53 file patterns
2025-01-05 08:01:53 [INFO] Generating file tree structure
2025-01-05 08:01:53 [INFO] File tree generated successfully
2025-01-05 08:02:44 [INFO] Starting Repository Crawler
2025-01-05 08:02:44 [INFO] Analyzing repository: C:\Github\Repo_Crawler
2025-01-05 08:02:44 [INFO] Initializing crawler for: C:\Github\Repo_Crawler
2025-01-05 08:02:44 [INFO] Ignoring 30 directories and 53 file patterns
2025-01-05 08:02:44 [INFO] Generating file tree structure
2025-01-05 08:02:44 [INFO] File tree generated successfully
2025-01-05 08:02:46 [INFO] Starting Repository Crawler
2025-01-05 08:02:46 [INFO] Analyzing repository: C:\Github\Repo_Crawler
2025-01-05 08:02:46 [INFO] Initializing crawler for: C:\Github\Repo_Crawler
2025-01-05 08:02:46 [INFO] Ignoring 30 directories and 53 file patterns
2025-01-05 08:02:46 [INFO] Generating file tree structure
2025-01-05 08:02:46 [INFO] File tree generated successfully
2025-01-05 08:02:49 [INFO] Starting Repository Crawler
2025-01-05 08:02:49 [INFO] Analyzing repository: C:\Github\Repo_Crawler
2025-01-05 08:02:49 [INFO] Initializing crawler for: C:\Github\Repo_Crawler
2025-01-05 08:02:49 [INFO] Ignoring 30 directories and 53 file patterns
2025-01-05 08:02:49 [INFO] Generating file tree structure
2025-01-05 08:02:49 [INFO] File tree generated successfully
2025-01-05 08:02:49 [INFO] Starting Repository Crawler
2025-01-05 08:02:49 [INFO] Analyzing repository: C:\Github\Repo_Crawler
2025-01-05 08:02:49 [INFO] Initializing crawler for: C:\Github\Repo_Crawler
2025-01-05 08:02:49 [INFO] Ignoring 30 directories and 53 file patterns
2025-01-05 08:02:49 [INFO] Generating file tree structure
2025-01-05 08:02:49 [INFO] File tree generated successfully
2025-01-05 08:02:51 [INFO] Starting Repository Crawler
2025-01-05 08:02:51 [INFO] Analyzing repository: C:\Github\Repo_Crawler
2025-01-05 08:02:51 [INFO] Initializing crawler for: C:\Github\Repo_Crawler
2025-01-05 08:02:51 [INFO] Ignoring 30 directories and 53 file patterns
2025-01-05 08:02:51 [INFO] Generating file tree structure
2025-01-05 08:02:51 [INFO] File tree generated successfully
2025-01-05 08:03:03 [INFO] Starting Repository Crawler
2025-01-05 08:03:03 [INFO] Configuration saved successfully
2025-01-05 08:03:03 [INFO] Starting Repository Crawler
2025-01-05 08:03:03 [INFO] Analyzing repository: C:\Github\Repo_Crawler
2025-01-05 08:03:03 [INFO] Initializing crawler for: C:\Github\Repo_Crawler
2025-01-05 08:03:03 [INFO] Ignoring 30 directories and 54 file patterns
2025-01-05 08:03:03 [INFO] Generating file tree structure
2025-01-05 08:03:03 [INFO] File tree generated successfully
2025-01-05 08:03:06 [INFO] Starting Repository Crawler
2025-01-05 08:03:06 [INFO] Analyzing repository: C:\Github\Repo_Crawler
2025-01-05 08:03:06 [INFO] Initializing crawler for: C:\Github\Repo_Crawler
2025-01-05 08:03:06 [INFO] Ignoring 30 directories and 54 file patterns
2025-01-05 08:03:06 [INFO] Generating file tree structure
2025-01-05 08:03:06 [INFO] File tree generated successfully
2025-01-05 08:03:06 [INFO] Starting Repository Crawler
2025-01-05 08:03:06 [INFO] Analyzing repository: C:\Github\Repo_Crawler
2025-01-05 08:03:06 [INFO] Initializing crawler for: C:\Github\Repo_Crawler
2025-01-05 08:03:06 [INFO] Ignoring 30 directories and 54 file patterns
2025-01-05 08:03:06 [INFO] Generating file tree structure
2025-01-05 08:03:06 [INFO] File tree generated successfully
2025-01-05 08:03:08 [INFO] Starting Repository Crawler
2025-01-05 08:03:08 [INFO] Analyzing repository: C:\Github\Repo_Crawler
2025-01-05 08:03:08 [INFO] Initializing crawler for: C:\Github\Repo_Crawler
2025-01-05 08:03:08 [INFO] Ignoring 30 directories and 54 file patterns
2025-01-05 08:03:08 [INFO] Generating file tree structure
2025-01-05 08:03:08 [INFO] File tree generated successfully
2025-01-05 08:03:09 [INFO] Starting Repository Crawler
2025-01-05 08:03:09 [INFO] Analyzing repository: C:\Github\Repo_Crawler
2025-01-05 08:03:09 [INFO] Initializing crawler for: C:\Github\Repo_Crawler
2025-01-05 08:03:09 [INFO] Ignoring 30 directories and 54 file patterns
2025-01-05 08:03:09 [INFO] Generating file tree structure
2025-01-05 08:03:10 [INFO] File tree generated successfully
2025-01-05 08:03:56 [INFO] Starting Repository Crawler
2025-01-05 08:03:57 [INFO] Analyzing repository: C:\Github\Repo_Crawler
2025-01-05 08:03:57 [INFO] Initializing crawler for: C:\Github\Repo_Crawler
2025-01-05 08:03:57 [INFO] Ignoring 30 directories and 54 file patterns
2025-01-05 08:03:57 [INFO] Generating file tree structure
2025-01-05 08:03:57 [INFO] File tree generated successfully
2025-01-05 08:04:09 [INFO] Starting Repository Crawler
2025-01-05 08:04:09 [INFO] Analyzing repository: C:\Github\Repo_Crawler
2025-01-05 08:04:09 [INFO] Initializing crawler for: C:\Github\Repo_Crawler
2025-01-05 08:04:09 [INFO] Ignoring 30 directories and 54 file patterns
2025-01-05 08:04:09 [INFO] Generating file tree structure
2025-01-05 08:04:09 [INFO] File tree generated successfully
2025-01-05 08:04:15 [INFO] Starting Repository Crawler
2025-01-05 08:04:15 [INFO] Loading initial configuration
2025-01-05 08:04:15 [INFO] Configuration loaded successfully
2025-01-05 08:04:15 [INFO] Analyzing repository: C:\Github\Repo_Crawler
2025-01-05 08:04:15 [INFO] Initializing crawler for: C:\Github\Repo_Crawler
2025-01-05 08:04:15 [INFO] Ignoring 30 directories and 54 file patterns
2025-01-05 08:04:15 [INFO] Generating file tree structure
2025-01-05 08:04:15 [INFO] File tree generated successfully
2025-01-05 08:04:18 [INFO] Starting Repository Crawler
2025-01-05 08:04:18 [INFO] Analyzing repository: C:\Github\Repo_Crawler
2025-01-05 08:04:18 [INFO] Initializing crawler for: C:\Github\Repo_Crawler
2025-01-05 08:04:18 [INFO] Ignoring 30 directories and 54 file patterns
2025-01-05 08:04:18 [INFO] Generating file tree structure
2025-01-05 08:04:18 [INFO] File tree generated successfully
2025-01-05 08:04:18 [INFO] Starting Repository Crawler
2025-01-05 08:04:18 [INFO] Analyzing repository: C:\Github\Repo_Crawler
2025-01-05 08:04:18 [INFO] Initializing crawler for: C:\Github\Repo_Crawler
2025-01-05 08:04:18 [INFO] Ignoring 30 directories and 54 file patterns
2025-01-05 08:04:18 [INFO] Generating file tree structure
2025-01-05 08:04:18 [INFO] File tree generated successfully
2025-01-05 08:05:32 [INFO] Starting Repository Crawler
2025-01-05 08:05:32 [INFO] Loading initial configuration
2025-01-05 08:05:32 [INFO] Configuration loaded successfully
2025-01-05 08:05:32 [INFO] Analyzing repository: C:\Github\Repo_Crawler
2025-01-05 08:05:32 [INFO] Initializing crawler for: C:\Github\Repo_Crawler
2025-01-05 08:05:32 [INFO] Ignoring 30 directories and 54 file patterns
2025-01-05 08:05:32 [INFO] Generating file tree structure
2025-01-05 08:05:32 [INFO] File tree generated successfully
2025-01-05 08:05:39 [INFO] Starting Repository Crawler
2025-01-05 08:05:39 [INFO] Analyzing repository: C:\Github\Repo_Crawler
2025-01-05 08:05:39 [INFO] Generating file tree structure
2025-01-05 08:05:39 [INFO] File tree generated successfully
2025-01-05 08:05:39 [INFO] Starting Repository Crawler
2025-01-05 08:05:39 [INFO] Analyzing repository: C:\Github\Repo_Crawler
2025-01-05 08:05:39 [INFO] Generating file tree structure
2025-01-05 08:05:39 [INFO] File tree generated successfully
2025-01-05 08:06:25 [INFO] Starting Repository Crawler
2025-01-05 08:06:25 [INFO] Analyzing repository: C:\Github\Repo_Crawler
2025-01-05 08:06:25 [INFO] Generating file tree structure
2025-01-05 08:06:25 [INFO] File tree generated successfully
2025-01-05 08:06:27 [INFO] Starting Repository Crawler
2025-01-05 08:06:27 [INFO] Analyzing repository: C:\Github\Repo_Crawler
2025-01-05 08:06:27 [INFO] Generating file tree structure
2025-01-05 08:06:27 [INFO] File tree generated successfully
2025-01-05 08:06:28 [INFO] Starting Repository Crawler
2025-01-05 08:06:28 [INFO] Analyzing repository: C:\Github\Repo_Crawler
2025-01-05 08:06:28 [INFO] Generating file tree structure
2025-01-05 08:06:28 [INFO] File tree generated successfully
2025-01-05 08:06:30 [INFO] Starting Repository Crawler
2025-01-05 08:06:30 [INFO] Analyzing repository: C:\Github\Repo_Crawler
2025-01-05 08:06:30 [INFO] Generating file tree structure
2025-01-05 08:06:30 [INFO] File tree generated successfully
2025-01-05 08:06:30 [ERROR] Error analyzing repository: name 'analyzer' is not defined
Traceback (most recent call last):
  File "C:\Github\Repo_Crawler\frontend\dashboard.py", line 51, in render_file_explorer
    tokens = analyzer.analyze_content(content)
             ^^^^^^^^
NameError: name 'analyzer' is not defined
2025-01-05 08:06:35 [INFO] Starting Repository Crawler
2025-01-05 08:06:35 [INFO] Analyzing repository: C:\Github\Repo_Crawler
2025-01-05 08:06:35 [INFO] Generating file tree structure
2025-01-05 08:06:35 [INFO] File tree generated successfully
2025-01-05 08:06:35 [INFO] Starting Repository Crawler
2025-01-05 08:06:35 [INFO] Analyzing repository: C:\Github\Repo_Crawler
2025-01-05 08:06:35 [INFO] Generating file tree structure
2025-01-05 08:06:35 [INFO] File tree generated successfully
2025-01-05 08:06:36 [INFO] Starting Repository Crawler
2025-01-05 08:06:36 [INFO] Analyzing repository: C:\Github\Repo_Crawler
2025-01-05 08:06:36 [INFO] Generating file tree structure
2025-01-05 08:06:36 [INFO] File tree generated successfully
2025-01-05 08:06:37 [INFO] Starting Repository Crawler
2025-01-05 08:06:37 [INFO] Analyzing repository: C:\Github\Repo_Crawler
2025-01-05 08:06:37 [INFO] Generating file tree structure
2025-01-05 08:06:37 [INFO] File tree generated successfully
2025-01-05 08:06:37 [ERROR] Error analyzing repository: name 'analyzer' is not defined
Traceback (most recent call last):
  File "C:\Github\Repo_Crawler\frontend\dashboard.py", line 51, in render_file_explorer
    tokens = analyzer.analyze_content(content)
             ^^^^^^^^
NameError: name 'analyzer' is not defined
2025-01-05 08:06:39 [INFO] Starting Repository Crawler
2025-01-05 08:06:39 [INFO] Analyzing repository: C:\Github\Repo_Crawler
2025-01-05 08:06:39 [INFO] Generating file tree structure
2025-01-05 08:06:39 [INFO] File tree generated successfully
2025-01-05 08:06:39 [ERROR] Error analyzing repository: name 'analyzer' is not defined
Traceback (most recent call last):
  File "C:\Github\Repo_Crawler\frontend\dashboard.py", line 51, in render_file_explorer
    tokens = analyzer.analyze_content(content)
             ^^^^^^^^
NameError: name 'analyzer' is not defined
2025-01-05 08:06:39 [INFO] Starting Repository Crawler
2025-01-05 08:06:39 [INFO] Analyzing repository: C:\Github\Repo_Crawler
2025-01-05 08:06:39 [INFO] Generating file tree structure
2025-01-05 08:06:39 [INFO] File tree generated successfully
2025-01-05 08:06:39 [ERROR] Error analyzing repository: name 'analyzer' is not defined
Traceback (most recent call last):
  File "C:\Github\Repo_Crawler\frontend\dashboard.py", line 51, in render_file_explorer
    tokens = analyzer.analyze_content(content)
             ^^^^^^^^
NameError: name 'analyzer' is not defined
2025-01-05 08:06:41 [INFO] Starting Repository Crawler
2025-01-05 08:06:41 [INFO] Analyzing repository: C:\Github\Repo_Crawler
2025-01-05 08:06:41 [INFO] Generating file tree structure
2025-01-05 08:06:41 [INFO] File tree generated successfully
2025-01-05 08:06:41 [ERROR] Error analyzing repository: name 'analyzer' is not defined
Traceback (most recent call last):
  File "C:\Github\Repo_Crawler\frontend\dashboard.py", line 51, in render_file_explorer
    tokens = analyzer.analyze_content(content)
             ^^^^^^^^
NameError: name 'analyzer' is not defined
2025-01-05 08:06:42 [INFO] Starting Repository Crawler
2025-01-05 08:06:42 [INFO] Analyzing repository: C:\Github\Repo_Crawler
2025-01-05 08:06:42 [INFO] Generating file tree structure
2025-01-05 08:06:42 [INFO] File tree generated successfully
2025-01-05 08:06:59 [INFO] Starting Repository Crawler
2025-01-05 08:06:59 [INFO] Analyzing repository: C:\Github\Repo_Crawler
2025-01-05 08:06:59 [INFO] Generating file tree structure
2025-01-05 08:06:59 [INFO] File tree generated successfully
2025-01-05 08:07:01 [INFO] Starting Repository Crawler
2025-01-05 08:07:01 [INFO] Analyzing repository: C:\Github\Repo_Crawler
2025-01-05 08:07:01 [INFO] Generating file tree structure
2025-01-05 08:07:01 [INFO] File tree generated successfully
2025-01-05 08:07:01 [INFO] Starting Repository Crawler
2025-01-05 08:07:01 [INFO] Analyzing repository: C:\Github\Repo_Crawler
2025-01-05 08:07:01 [INFO] Generating file tree structure
2025-01-05 08:07:01 [INFO] File tree generated successfully
2025-01-05 08:07:08 [INFO] Starting Repository Crawler
2025-01-05 08:07:08 [INFO] Loading initial configuration
2025-01-05 08:07:08 [INFO] Configuration loaded successfully
2025-01-05 08:07:08 [INFO] Analyzing repository: C:\Github\Repo_Crawler
2025-01-05 08:07:08 [INFO] Initializing crawler for: C:\Github\Repo_Crawler
2025-01-05 08:07:08 [INFO] Ignoring 30 directories and 54 file patterns
2025-01-05 08:07:08 [INFO] Generating file tree structure
2025-01-05 08:07:08 [INFO] File tree generated successfully
2025-01-05 08:07:12 [INFO] Starting Repository Crawler
2025-01-05 08:07:12 [INFO] Analyzing repository: C:\Github\Repo_Crawler
2025-01-05 08:07:12 [INFO] Generating file tree structure
2025-01-05 08:07:12 [INFO] File tree generated successfully
2025-01-05 08:07:14 [INFO] Starting Repository Crawler
2025-01-05 08:07:14 [INFO] Analyzing repository: C:\Github\Repo_Crawler
2025-01-05 08:07:14 [INFO] Generating file tree structure
2025-01-05 08:07:14 [INFO] File tree generated successfully
2025-01-05 08:07:18 [INFO] Starting Repository Crawler
2025-01-05 08:07:18 [INFO] Analyzing repository: C:\Github\Repo_Crawler
2025-01-05 08:07:18 [INFO] Generating file tree structure
2025-01-05 08:07:18 [INFO] File tree generated successfully
2025-01-05 08:07:20 [INFO] Starting Repository Crawler
2025-01-05 08:07:20 [INFO] Analyzing repository: C:\Github\Repo_Crawler
2025-01-05 08:07:20 [INFO] Generating file tree structure
2025-01-05 08:07:20 [INFO] File tree generated successfully
2025-01-05 08:07:25 [INFO] Starting Repository Crawler
2025-01-05 08:07:25 [INFO] Analyzing repository: C:\Github\Repo_Crawler
2025-01-05 08:07:25 [INFO] Generating file tree structure
2025-01-05 08:07:25 [INFO] File tree generated successfully
