2025-01-05 07:32:11 [INFO] Starting Repository Crawler
2025-01-05 07:32:12 [INFO] Loading initial configuration
2025-01-05 07:32:12 [INFO] Configuration loaded successfully
2025-01-05 07:32:16 [INFO] Starting Repository Crawler
2025-01-05 07:32:16 [INFO] Configuration saved successfully
2025-01-05 07:32:16 [INFO] Analyzing repository: C:\Github\Repo_Crawler
2025-01-05 07:32:16 [INFO] Initializing crawler for: C:\Github\Repo_Crawler
2025-01-05 07:32:16 [INFO] Ignoring 30 directories and 52 file patterns
2025-01-05 07:32:16 [INFO] Generating file tree structure
2025-01-05 07:32:16 [INFO] File tree generated successfully
2025-01-05 07:32:55 [INFO] Starting Repository Crawler
2025-01-05 07:32:55 [INFO] Analyzing repository: C:\Github\Repo_Crawler
2025-01-05 07:32:55 [INFO] Initializing crawler for: C:\Github\Repo_Crawler
2025-01-05 07:32:55 [INFO] Ignoring 30 directories and 52 file patterns
2025-01-05 07:32:55 [INFO] Generating file tree structure
2025-01-05 07:32:55 [INFO] File tree generated successfully
2025-01-05 07:33:32 [INFO] Starting Repository Crawler
2025-01-05 07:33:32 [INFO] Analyzing repository: C:\Github\Repo_Crawler
2025-01-05 07:33:32 [INFO] Initializing crawler for: C:\Github\Repo_Crawler
2025-01-05 07:33:32 [INFO] Ignoring 30 directories and 52 file patterns
2025-01-05 07:33:32 [INFO] Generating file tree structure
2025-01-05 07:33:32 [INFO] File tree generated successfully
2025-01-05 07:33:39 [INFO] Starting Repository Crawler
2025-01-05 07:33:39 [INFO] Initializing crawler for: C:\Github\Repo_Crawler
2025-01-05 07:33:39 [INFO] Ignoring 30 directories and 52 file patterns
2025-01-05 07:33:39 [INFO] Walking repository for file information
2025-01-05 07:33:39 [INFO] Found 20 files in repository
2025-01-05 07:33:39 [INFO] Analyzing repository: C:\Github\Repo_Crawler
2025-01-05 07:33:39 [INFO] Initializing crawler for: C:\Github\Repo_Crawler
2025-01-05 07:33:39 [INFO] Ignoring 30 directories and 52 file patterns
2025-01-05 07:33:39 [INFO] Generating file tree structure
2025-01-05 07:33:39 [INFO] File tree generated successfully
2025-01-05 07:34:18 [INFO] Starting Repository Crawler
2025-01-05 07:34:18 [INFO] Analyzing repository: C:\Github\Repo_Crawler
2025-01-05 07:34:18 [INFO] Initializing crawler for: C:\Github\Repo_Crawler
2025-01-05 07:34:18 [INFO] Ignoring 30 directories and 52 file patterns
2025-01-05 07:34:18 [INFO] Generating file tree structure
2025-01-05 07:34:18 [INFO] File tree generated successfully
2025-01-05 07:34:21 [INFO] Starting Repository Crawler
2025-01-05 07:34:21 [INFO] Analyzing repository: C:\Github\Repo_Crawler
2025-01-05 07:34:21 [INFO] Initializing crawler for: C:\Github\Repo_Crawler
2025-01-05 07:34:21 [INFO] Ignoring 30 directories and 52 file patterns
2025-01-05 07:34:21 [INFO] Generating file tree structure
2025-01-05 07:34:21 [INFO] File tree generated successfully
2025-01-05 07:34:22 [INFO] Starting Repository Crawler
2025-01-05 07:34:22 [INFO] Analyzing repository: C:\Github\Repo_Crawler
2025-01-05 07:34:22 [INFO] Initializing crawler for: C:\Github\Repo_Crawler
2025-01-05 07:34:22 [INFO] Ignoring 30 directories and 52 file patterns
2025-01-05 07:34:22 [INFO] Generating file tree structure
2025-01-05 07:34:22 [INFO] File tree generated successfully
2025-01-05 07:36:21 [INFO] Starting Repository Crawler
2025-01-05 07:36:21 [INFO] Analyzing repository: C:\Github\Repo_Crawler
2025-01-05 07:36:21 [INFO] Initializing crawler for: C:\Github\Repo_Crawler
2025-01-05 07:36:21 [INFO] Ignoring 30 directories and 52 file patterns
2025-01-05 07:36:21 [INFO] Generating file tree structure
2025-01-05 07:36:21 [INFO] File tree generated successfully
2025-01-05 07:36:28 [INFO] Starting Repository Crawler
2025-01-05 07:36:28 [INFO] Analyzing repository: C:\Github\Repo_Crawler
2025-01-05 07:36:28 [INFO] Initializing crawler for: C:\Github\Repo_Crawler
2025-01-05 07:36:28 [INFO] Ignoring 30 directories and 52 file patterns
2025-01-05 07:36:28 [INFO] Generating file tree structure
2025-01-05 07:36:28 [INFO] File tree generated successfully
2025-01-05 07:36:29 [INFO] Starting Repository Crawler
2025-01-05 07:36:29 [INFO] Analyzing repository: C:\Github\Repo_Crawler
2025-01-05 07:36:29 [INFO] Initializing crawler for: C:\Github\Repo_Crawler
2025-01-05 07:36:29 [INFO] Ignoring 30 directories and 52 file patterns
2025-01-05 07:36:29 [INFO] Generating file tree structure
2025-01-05 07:36:29 [INFO] File tree generated successfully
2025-01-05 07:36:31 [INFO] Starting Repository Crawler
2025-01-05 07:36:31 [INFO] Analyzing repository: C:\Github\Repo_Crawler
2025-01-05 07:36:31 [INFO] Initializing crawler for: C:\Github\Repo_Crawler
2025-01-05 07:36:31 [INFO] Ignoring 30 directories and 52 file patterns
2025-01-05 07:36:31 [INFO] Generating file tree structure
2025-01-05 07:36:31 [INFO] File tree generated successfully
2025-01-05 07:37:19 [INFO] Starting Repository Crawler
2025-01-05 07:37:19 [INFO] Analyzing repository: C:\Github\Repo_Crawler
2025-01-05 07:37:19 [INFO] Initializing crawler for: C:\Github\Repo_Crawler
2025-01-05 07:37:19 [INFO] Ignoring 30 directories and 52 file patterns
2025-01-05 07:37:19 [INFO] Generating file tree structure
2025-01-05 07:37:19 [INFO] File tree generated successfully
2025-01-05 07:37:19 [ERROR] Error rendering file tree: 'WindowsPath' object has no attribute 'get'
2025-01-05 07:37:36 [INFO] Starting Repository Crawler
2025-01-05 07:37:36 [INFO] Analyzing repository: C:\Github\Repo_Crawler
2025-01-05 07:37:36 [INFO] Initializing crawler for: C:\Github\Repo_Crawler
2025-01-05 07:37:36 [INFO] Ignoring 30 directories and 52 file patterns
2025-01-05 07:37:36 [INFO] Generating file tree structure
2025-01-05 07:37:36 [INFO] File tree generated successfully
2025-01-05 07:38:08 [INFO] Starting Repository Crawler
2025-01-05 07:38:08 [INFO] Analyzing repository: C:\Github\Repo_Crawler
2025-01-05 07:38:08 [INFO] Initializing crawler for: C:\Github\Repo_Crawler
2025-01-05 07:38:08 [INFO] Ignoring 30 directories and 52 file patterns
2025-01-05 07:38:08 [INFO] Generating file tree structure
2025-01-05 07:38:08 [INFO] File tree generated successfully
2025-01-05 07:38:10 [INFO] Starting Repository Crawler
2025-01-05 07:38:10 [INFO] Analyzing repository: C:\Github\Repo_Crawler
2025-01-05 07:38:10 [INFO] Initializing crawler for: C:\Github\Repo_Crawler
2025-01-05 07:38:10 [INFO] Ignoring 30 directories and 52 file patterns
2025-01-05 07:38:10 [INFO] Generating file tree structure
2025-01-05 07:38:10 [INFO] File tree generated successfully
2025-01-05 07:38:12 [INFO] Starting Repository Crawler
2025-01-05 07:38:12 [INFO] Analyzing repository: C:\Github\Repo_Crawler
2025-01-05 07:38:12 [INFO] Initializing crawler for: C:\Github\Repo_Crawler
2025-01-05 07:38:12 [INFO] Ignoring 30 directories and 52 file patterns
2025-01-05 07:38:12 [INFO] Generating file tree structure
2025-01-05 07:38:12 [INFO] File tree generated successfully
2025-01-05 07:38:13 [INFO] Starting Repository Crawler
2025-01-05 07:38:13 [INFO] Analyzing repository: C:\Github\Repo_Crawler
2025-01-05 07:38:13 [INFO] Initializing crawler for: C:\Github\Repo_Crawler
2025-01-05 07:38:13 [INFO] Ignoring 30 directories and 52 file patterns
2025-01-05 07:38:13 [INFO] Generating file tree structure
2025-01-05 07:38:13 [INFO] File tree generated successfully
2025-01-05 07:38:13 [INFO] Starting Repository Crawler
2025-01-05 07:38:13 [INFO] Analyzing repository: C:\Github\Repo_Crawler
2025-01-05 07:38:13 [INFO] Initializing crawler for: C:\Github\Repo_Crawler
2025-01-05 07:38:13 [INFO] Ignoring 30 directories and 52 file patterns
2025-01-05 07:38:13 [INFO] Generating file tree structure
2025-01-05 07:38:13 [INFO] File tree generated successfully
2025-01-05 07:38:15 [INFO] Starting Repository Crawler
2025-01-05 07:38:15 [INFO] Analyzing repository: C:\Github\Repo_Crawler
2025-01-05 07:38:15 [INFO] Initializing crawler for: C:\Github\Repo_Crawler
2025-01-05 07:38:15 [INFO] Ignoring 30 directories and 52 file patterns
2025-01-05 07:38:15 [INFO] Generating file tree structure
2025-01-05 07:38:15 [INFO] File tree generated successfully
2025-01-05 07:38:16 [INFO] Starting Repository Crawler
2025-01-05 07:38:16 [INFO] Analyzing repository: C:\Github\Repo_Crawler
2025-01-05 07:38:16 [INFO] Initializing crawler for: C:\Github\Repo_Crawler
2025-01-05 07:38:16 [INFO] Ignoring 30 directories and 52 file patterns
2025-01-05 07:38:16 [INFO] Generating file tree structure
2025-01-05 07:38:16 [INFO] File tree generated successfully
2025-01-05 07:38:21 [INFO] Starting Repository Crawler
2025-01-05 07:38:21 [INFO] Analyzing repository: C:\Github\Repo_Crawler
2025-01-05 07:38:21 [INFO] Initializing crawler for: C:\Github\Repo_Crawler
2025-01-05 07:38:21 [INFO] Ignoring 30 directories and 52 file patterns
2025-01-05 07:38:21 [INFO] Generating file tree structure
2025-01-05 07:38:21 [INFO] File tree generated successfully
2025-01-05 07:38:22 [INFO] Starting Repository Crawler
2025-01-05 07:38:22 [INFO] Analyzing repository: C:\Github\Repo_Crawler
2025-01-05 07:38:23 [INFO] Initializing crawler for: C:\Github\Repo_Crawler
2025-01-05 07:38:23 [INFO] Ignoring 30 directories and 52 file patterns
2025-01-05 07:38:23 [INFO] Generating file tree structure
2025-01-05 07:38:23 [INFO] File tree generated successfully
2025-01-05 07:39:08 [INFO] Starting Repository Crawler
2025-01-05 07:39:08 [INFO] Initializing crawler for: C:\Github\Repo_Crawler
2025-01-05 07:39:08 [INFO] Ignoring 30 directories and 52 file patterns
2025-01-05 07:39:08 [INFO] Walking repository for file information
2025-01-05 07:39:08 [INFO] Found 20 files in repository
2025-01-05 07:39:08 [INFO] Analyzing repository: C:\Github\Repo_Crawler
2025-01-05 07:39:08 [INFO] Initializing crawler for: C:\Github\Repo_Crawler
2025-01-05 07:39:08 [INFO] Ignoring 30 directories and 52 file patterns
2025-01-05 07:39:08 [INFO] Generating file tree structure
2025-01-05 07:39:08 [INFO] File tree generated successfully
2025-01-05 07:40:10 [INFO] Starting Repository Crawler
2025-01-05 07:40:10 [INFO] Analyzing repository: C:\Github\Repo_Crawler
2025-01-05 07:40:10 [INFO] Initializing crawler for: C:\Github\Repo_Crawler
2025-01-05 07:40:10 [INFO] Ignoring 30 directories and 52 file patterns
2025-01-05 07:40:10 [INFO] Generating file tree structure
2025-01-05 07:40:10 [INFO] File tree generated successfully
2025-01-05 07:40:10 [ERROR] File not found: C:\Github\Repo_Crawler\logs\repo_crawler_20250105_071824.log
2025-01-05 07:40:55 [INFO] Starting Repository Crawler
2025-01-05 07:40:55 [ERROR] Unhandled exception in main
Traceback (most recent call last):
  File "C:\Github\Repo_Crawler\main.py", line 78, in main
    render_dashboard()
  File "C:\Github\Repo_Crawler\frontend\dashboard.py", line 69, in render_dashboard
    repo_path = sidebar.render()
                ^^^^^^^^^^^^^^^^
  File "C:\Github\Repo_Crawler\frontend\components\sidebar.py", line 127, in render
    with st.expander("Directories", expanded=False):
         ^^^^^^^^^^^^^^^^^^^^^^^^^^^^^^^^^^^^^^^^^^
  File "C:\Github\Repo_Crawler\venv\Lib\site-packages\streamlit\runtime\metrics_util.py", line 409, in wrapped_func
    result = non_optional_func(*args, **kwargs)
             ^^^^^^^^^^^^^^^^^^^^^^^^^^^^^^^^^^
  File "C:\Github\Repo_Crawler\venv\Lib\site-packages\streamlit\elements\layouts.py", line 602, in expander
    return self.dg._block(block_proto=block_proto)
           ^^^^^^^^^^^^^^^^^^^^^^^^^^^^^^^^^^^^^^^
  File "C:\Github\Repo_Crawler\venv\Lib\site-packages\streamlit\delta_generator.py", line 514, in _block
    _check_nested_element_violation(self, block_type, ancestor_block_types)
  File "C:\Github\Repo_Crawler\venv\Lib\site-packages\streamlit\delta_generator.py", line 594, in _check_nested_element_violation
    raise StreamlitAPIException(
streamlit.errors.StreamlitAPIException: Expanders may not be nested inside other expanders.
2025-01-05 07:41:02 [INFO] Starting Repository Crawler
2025-01-05 07:41:02 [INFO] Analyzing repository: C:\Github\Repo_Crawler
2025-01-05 07:41:02 [INFO] Initializing crawler for: C:\Github\Repo_Crawler
2025-01-05 07:41:02 [INFO] Ignoring 30 directories and 52 file patterns
2025-01-05 07:41:02 [INFO] Generating file tree structure
2025-01-05 07:41:02 [INFO] File tree generated successfully
2025-01-05 07:41:02 [ERROR] File not found: C:\Github\Repo_Crawler\logs\repo_crawler_20250105_071824.log
2025-01-05 07:41:41 [INFO] Starting Repository Crawler
2025-01-05 07:41:41 [INFO] Analyzing repository: C:\Github\Repo_Crawler
2025-01-05 07:41:41 [INFO] Initializing crawler for: C:\Github\Repo_Crawler
2025-01-05 07:41:41 [INFO] Ignoring 30 directories and 52 file patterns
2025-01-05 07:41:41 [INFO] Generating file tree structure
2025-01-05 07:41:41 [INFO] File tree generated successfully
2025-01-05 07:41:41 [ERROR] File not found: C:\Github\Repo_Crawler\logs\repo_crawler_20250105_071824.log
2025-01-05 07:41:59 [INFO] Starting Repository Crawler
2025-01-05 07:41:59 [INFO] Analyzing repository: C:\Github\Repo_Crawler
2025-01-05 07:41:59 [INFO] Initializing crawler for: C:\Github\Repo_Crawler
2025-01-05 07:41:59 [INFO] Ignoring 30 directories and 52 file patterns
2025-01-05 07:41:59 [INFO] Generating file tree structure
2025-01-05 07:41:59 [INFO] File tree generated successfully
2025-01-05 07:41:59 [ERROR] File not found: C:\Github\Repo_Crawler\logs\repo_crawler_20250105_071824.log
2025-01-05 07:42:36 [INFO] Starting Repository Crawler
2025-01-05 07:42:36 [INFO] Analyzing repository: C:\Github\Repo_Crawler
2025-01-05 07:42:36 [INFO] Initializing crawler for: C:\Github\Repo_Crawler
2025-01-05 07:42:36 [INFO] Ignoring 30 directories and 52 file patterns
2025-01-05 07:42:36 [INFO] Generating file tree structure
2025-01-05 07:42:36 [INFO] File tree generated successfully
2025-01-05 07:42:36 [ERROR] File not found: C:\Github\Repo_Crawler\logs\repo_crawler_20250105_071824.log
2025-01-05 07:42:49 [INFO] Starting Repository Crawler
2025-01-05 07:42:49 [INFO] Configuration saved successfully
2025-01-05 07:42:49 [INFO] Analyzing repository: C:\Github\Repo_Crawler
2025-01-05 07:42:49 [INFO] Initializing crawler for: C:\Github\Repo_Crawler
2025-01-05 07:42:49 [INFO] Ignoring 29 directories and 52 file patterns
2025-01-05 07:42:49 [INFO] Generating file tree structure
2025-01-05 07:42:49 [INFO] File tree generated successfully
2025-01-05 07:42:49 [ERROR] File not found: C:\Github\Repo_Crawler\logs\repo_crawler_20250105_071824.log
2025-01-05 07:43:27 [INFO] Starting Repository Crawler
2025-01-05 07:43:44 [INFO] Starting Repository Crawler
2025-01-05 07:43:44 [INFO] Configuration saved successfully
2025-01-05 07:43:44 [INFO] Analyzing repository: C:\Github\Repo_Crawler
2025-01-05 07:43:44 [INFO] Initializing crawler for: C:\Github\Repo_Crawler
2025-01-05 07:43:44 [INFO] Ignoring 30 directories and 52 file patterns
2025-01-05 07:43:44 [INFO] Generating file tree structure
2025-01-05 07:43:44 [INFO] File tree generated successfully
2025-01-05 07:43:44 [ERROR] File not found: C:\Github\Repo_Crawler\logs\repo_crawler_20250105_071824.log
2025-01-05 07:44:01 [INFO] Starting Repository Crawler
2025-01-05 07:44:01 [INFO] Configuration saved successfully
2025-01-05 07:44:01 [INFO] Analyzing repository: C:\Github\Repo_Crawler
2025-01-05 07:44:01 [INFO] Initializing crawler for: C:\Github\Repo_Crawler
2025-01-05 07:44:01 [INFO] Ignoring 30 directories and 52 file patterns
2025-01-05 07:44:01 [INFO] Generating file tree structure
2025-01-05 07:44:01 [INFO] File tree generated successfully
2025-01-05 07:44:01 [ERROR] File not found: C:\Github\Repo_Crawler\logs\repo_crawler_20250105_071824.log
2025-01-05 07:44:10 [INFO] Starting Repository Crawler
2025-01-05 07:44:19 [INFO] Starting Repository Crawler
2025-01-05 07:44:19 [INFO] Configuration saved successfully
2025-01-05 07:44:19 [INFO] Analyzing repository: C:\Github\Repo_Crawler
2025-01-05 07:44:19 [INFO] Initializing crawler for: C:\Github\Repo_Crawler
2025-01-05 07:44:19 [INFO] Ignoring 30 directories and 52 file patterns
2025-01-05 07:44:19 [INFO] Generating file tree structure
2025-01-05 07:44:19 [INFO] File tree generated successfully
2025-01-05 07:44:19 [ERROR] File not found: C:\Github\Repo_Crawler\logs\repo_crawler_20250105_071824.log
2025-01-05 07:44:22 [INFO] Starting Repository Crawler
2025-01-05 07:44:22 [INFO] Initializing crawler for: C:\Github\Repo_Crawler
2025-01-05 07:44:22 [INFO] Ignoring 30 directories and 52 file patterns
2025-01-05 07:44:22 [INFO] Walking repository for file information
2025-01-05 07:44:22 [INFO] Found 20 files in repository
2025-01-05 07:44:22 [INFO] Analyzing repository: C:\Github\Repo_Crawler
2025-01-05 07:44:22 [INFO] Initializing crawler for: C:\Github\Repo_Crawler
2025-01-05 07:44:22 [INFO] Ignoring 30 directories and 52 file patterns
2025-01-05 07:44:22 [INFO] Generating file tree structure
2025-01-05 07:44:22 [INFO] File tree generated successfully
2025-01-05 07:44:22 [ERROR] File not found: C:\Github\Repo_Crawler\logs\repo_crawler_20250105_071824.log
2025-01-05 07:46:35 [INFO] Starting Repository Crawler
2025-01-05 07:46:35 [INFO] Analyzing repository: C:\Github\Repo_Crawler
2025-01-05 07:46:35 [INFO] Initializing crawler for: C:\Github\Repo_Crawler
2025-01-05 07:46:35 [INFO] Ignoring 30 directories and 52 file patterns
2025-01-05 07:46:35 [INFO] Generating file tree structure
2025-01-05 07:46:35 [INFO] File tree generated successfully
2025-01-05 07:46:35 [ERROR] File not found: C:\Github\Repo_Crawler\logs\repo_crawler_20250105_071824.log
2025-01-05 07:47:00 [INFO] Starting Repository Crawler
2025-01-05 07:47:00 [INFO] Configuration saved successfully
2025-01-05 07:47:00 [INFO] Analyzing repository: C:\Github\Repo_Crawler
2025-01-05 07:47:00 [INFO] Initializing crawler for: C:\Github\Repo_Crawler
2025-01-05 07:47:00 [INFO] Ignoring 30 directories and 53 file patterns
2025-01-05 07:47:00 [INFO] Generating file tree structure
2025-01-05 07:47:00 [INFO] File tree generated successfully
2025-01-05 07:47:00 [ERROR] File not found: C:\Github\Repo_Crawler\logs\repo_crawler_20250105_071824.log
2025-01-05 07:47:15 [INFO] Starting Repository Crawler
2025-01-05 07:47:22 [INFO] Starting Repository Crawler
2025-01-05 07:47:22 [INFO] Configuration saved successfully
2025-01-05 07:47:30 [INFO] Starting Repository Crawler
2025-01-05 07:47:30 [INFO] Configuration saved successfully
2025-01-05 07:47:30 [INFO] Analyzing repository: C:\Github\Repo_Crawler
2025-01-05 07:47:30 [INFO] Initializing crawler for: C:\Github\Repo_Crawler
2025-01-05 07:47:30 [INFO] Ignoring 30 directories and 52 file patterns
2025-01-05 07:47:30 [INFO] Generating file tree structure
2025-01-05 07:47:30 [INFO] File tree generated successfully
2025-01-05 07:47:30 [ERROR] File not found: C:\Github\Repo_Crawler\logs\repo_crawler_20250105_071824.log
2025-01-05 07:47:36 [INFO] Starting Repository Crawler
2025-01-05 07:47:36 [INFO] Configuration saved successfully
2025-01-05 07:47:36 [INFO] Analyzing repository: C:\Github\Repo_Crawler
2025-01-05 07:47:36 [INFO] Initializing crawler for: C:\Github\Repo_Crawler
2025-01-05 07:47:36 [INFO] Ignoring 30 directories and 53 file patterns
2025-01-05 07:47:36 [INFO] Generating file tree structure
2025-01-05 07:47:36 [INFO] File tree generated successfully
2025-01-05 07:47:36 [ERROR] File not found: C:\Github\Repo_Crawler\logs\repo_crawler_20250105_071824.log
2025-01-05 07:51:07 [INFO] Starting Repository Crawler
2025-01-05 07:51:24 [INFO] Starting Repository Crawler
2025-01-05 07:51:24 [INFO] Configuration saved successfully
2025-01-05 07:51:24 [INFO] Analyzing repository: C:\Github\Repo_Crawler
2025-01-05 07:51:24 [INFO] Initializing crawler for: C:\Github\Repo_Crawler
2025-01-05 07:51:24 [INFO] Ignoring 30 directories and 52 file patterns
2025-01-05 07:51:24 [INFO] Generating file tree structure
2025-01-05 07:51:24 [INFO] File tree generated successfully
2025-01-05 07:51:24 [ERROR] File not found: C:\Github\Repo_Crawler\logs\repo_crawler_20250105_071824.log
2025-01-05 07:51:27 [INFO] Starting Repository Crawler
2025-01-05 07:51:27 [INFO] Initializing crawler for: C:\Github\Repo_Crawler
2025-01-05 07:51:27 [INFO] Ignoring 30 directories and 52 file patterns
2025-01-05 07:51:27 [INFO] Walking repository for file information
2025-01-05 07:51:27 [INFO] Found 20 files in repository
2025-01-05 07:51:27 [INFO] Analyzing repository: C:\Github\Repo_Crawler
2025-01-05 07:51:27 [INFO] Initializing crawler for: C:\Github\Repo_Crawler
2025-01-05 07:51:27 [INFO] Ignoring 30 directories and 52 file patterns
2025-01-05 07:51:27 [INFO] Generating file tree structure
2025-01-05 07:51:27 [INFO] File tree generated successfully
2025-01-05 07:51:27 [ERROR] File not found: C:\Github\Repo_Crawler\logs\repo_crawler_20250105_071824.log
2025-01-05 07:51:34 [INFO] Starting Repository Crawler
2025-01-05 07:51:34 [INFO] Configuration saved successfully
2025-01-05 07:51:34 [INFO] Analyzing repository: C:\Github\Repo_Crawler
2025-01-05 07:51:34 [INFO] Initializing crawler for: C:\Github\Repo_Crawler
2025-01-05 07:51:34 [INFO] Ignoring 30 directories and 53 file patterns
2025-01-05 07:51:34 [INFO] Generating file tree structure
2025-01-05 07:51:34 [INFO] File tree generated successfully
2025-01-05 07:51:34 [ERROR] File not found: C:\Github\Repo_Crawler\logs\repo_crawler_20250105_071824.log
2025-01-05 07:52:36 [INFO] Starting Repository Crawler
